# JRE version: Java(TM) SE Runtime Environment (17.0.1+12) (build 17.0.1+12-LTS-39)
# Java VM: Java HotSpot(TM) 64-Bit Server VM (17.0.1+12-LTS-39, mixed mode, emulated-client, sharing, tiered, compressed oops, compressed class ptrs, g1 gc, windows-amd64)
GC Precious Log:
 CPUs: 4 total, 4 available
 Memory: 8103M
 Large Page Support: Disabled
 NUMA Support: Disabled
 Compressed Oops: Enabled (32-bit)
 Heap Region Size: 1M
 Heap Min Capacity: 8M
 Heap Initial Capacity: 128M
 Heap Max Capacity: 2026M
 Pre-touch: Disabled
 Parallel Workers: 4
 Concurrent Workers: 1
 Concurrent Refinement Workers: 4
 Periodic GC: Disabled
Heap:
 garbage-first heap   total 81920K, used 37081K [0x0000000081600000, 0x0000000100000000)
  region size 1024K, 9 young (9216K), 4 survivors (4096K)
 Metaspace       used 60650K, committed 61056K, reserved 1105920K
  class space    used 8736K, committed 8960K, reserved 1048576K
GC Heap History (20 events):
Event: 42.830 GC heap before
{Heap before GC invocations=4 (full 0):
 garbage-first heap   total 131072K, used 60267K [0x0000000081600000, 0x0000000100000000)
  region size 1024K, 52 young (53248K), 4 survivors (4096K)
 Metaspace       used 21233K, committed 21504K, reserved 1073152K
  class space    used 3001K, committed 3136K, reserved 1048576K
}
Event: 42.846 GC heap after
{Heap after GC invocations=5 (full 0):
 garbage-first heap   total 131072K, used 14633K [0x0000000081600000, 0x0000000100000000)
  region size 1024K, 7 young (7168K), 7 survivors (7168K)
 Metaspace       used 21233K, committed 21504K, reserved 1073152K
  class space    used 3001K, committed 3136K, reserved 1048576K
}
Event: 43.912 GC heap before
{Heap before GC invocations=6 (full 0):
 garbage-first heap   total 58368K, used 42281K [0x0000000081600000, 0x0000000100000000)
  region size 1024K, 34 young (34816K), 7 survivors (7168K)
 Metaspace       used 25973K, committed 26240K, reserved 1073152K
  class space    used 3663K, committed 3776K, reserved 1048576K
}
Event: 43.937 GC heap after
{Heap after GC invocations=7 (full 0):
 garbage-first heap   total 58368K, used 17738K [0x0000000081600000, 0x0000000100000000)
  region size 1024K, 4 young (4096K), 4 survivors (4096K)
 Metaspace       used 25973K, committed 26240K, reserved 1073152K
  class space    used 3663K, committed 3776K, reserved 1048576K
}
Event: 43.945 GC heap before
{Heap before GC invocations=7 (full 0):
 garbage-first heap   total 58368K, used 40266K [0x0000000081600000, 0x0000000100000000)
  region size 1024K, 27 young (27648K), 4 survivors (4096K)
 Metaspace       used 25973K, committed 26240K, reserved 1073152K
  class space    used 3663K, committed 3776K, reserved 1048576K
}
Event: 43.952 GC heap after
{Heap after GC invocations=8 (full 0):
 garbage-first heap   total 58368K, used 17376K [0x0000000081600000, 0x0000000100000000)
  region size 1024K, 1 young (1024K), 1 survivors (1024K)
 Metaspace       used 25973K, committed 26240K, reserved 1073152K
  class space    used 3663K, committed 3776K, reserved 1048576K
}
Event: 44.026 GC heap before
{Heap before GC invocations=8 (full 0):
 garbage-first heap   total 58368K, used 42976K [0x0000000081600000, 0x0000000100000000)
  region size 1024K, 26 young (26624K), 1 survivors (1024K)
 Metaspace       used 25973K, committed 26240K, reserved 1073152K
  class space    used 3663K, committed 3776K, reserved 1048576K
}
Event: 44.027 GC heap after
{Heap after GC invocations=9 (full 0):
 garbage-first heap   total 117760K, used 17565K [0x0000000081600000, 0x0000000100000000)
  region size 1024K, 1 young (1024K), 1 survivors (1024K)
 Metaspace       used 25973K, committed 26240K, reserved 1073152K
  class space    used 3663K, committed 3776K, reserved 1048576K
}
Event: 54.486 GC heap before
{Heap before GC invocations=9 (full 0):
 garbage-first heap   total 117760K, used 68765K [0x0000000081600000, 0x0000000100000000)
  region size 1024K, 51 young (52224K), 1 survivors (1024K)
 Metaspace       used 35712K, committed 35968K, reserved 1081344K
  class space    used 5105K, committed 5248K, reserved 1048576K
}
Event: 54.494 GC heap after
{Heap after GC invocations=10 (full 0):
 garbage-first heap   total 117760K, used 20574K [0x0000000081600000, 0x0000000100000000)
  region size 1024K, 4 young (4096K), 4 survivors (4096K)
 Metaspace       used 35712K, committed 35968K, reserved 1081344K
  class space    used 5105K, committed 5248K, reserved 1048576K
}
Event: 55.794 GC heap before
{Heap before GC invocations=11 (full 0):
 garbage-first heap   total 81920K, used 65630K [0x0000000081600000, 0x0000000100000000)
  region size 1024K, 48 young (49152K), 4 survivors (4096K)
 Metaspace       used 47439K, committed 47744K, reserved 1097728K
  class space    used 6829K, committed 6976K, reserved 1048576K
}
Event: 55.803 GC heap after
{Heap after GC invocations=12 (full 0):
 garbage-first heap   total 81920K, used 23073K [0x0000000081600000, 0x0000000100000000)
  region size 1024K, 3 young (3072K), 3 survivors (3072K)
 Metaspace       used 47439K, committed 47744K, reserved 1097728K
  class space    used 6829K, committed 6976K, reserved 1048576K
}
Event: 56.853 GC heap before
{Heap before GC invocations=13 (full 0):
 garbage-first heap   total 81920K, used 64033K [0x0000000081600000, 0x0000000100000000)
  region size 1024K, 43 young (44032K), 3 survivors (3072K)
 Metaspace       used 51998K, committed 52288K, reserved 1097728K
  class space    used 7491K, committed 7616K, reserved 1048576K
}
Event: 56.862 GC heap after
{Heap after GC invocations=14 (full 0):
 garbage-first heap   total 81920K, used 25916K [0x0000000081600000, 0x0000000100000000)
  region size 1024K, 6 young (6144K), 6 survivors (6144K)
 Metaspace       used 51998K, committed 52288K, reserved 1097728K
  class space    used 7491K, committed 7616K, reserved 1048576K
}
Event: 58.083 GC heap before
{Heap before GC invocations=14 (full 0):
 garbage-first heap   total 81920K, used 63804K [0x0000000081600000, 0x0000000100000000)
  region size 1024K, 43 young (44032K), 6 survivors (6144K)
 Metaspace       used 56539K, committed 56896K, reserved 1097728K
  class space    used 8154K, committed 8320K, reserved 1048576K
}
Event: 58.103 GC heap after
{Heap after GC invocations=15 (full 0):
 garbage-first heap   total 81920K, used 29388K [0x0000000081600000, 0x0000000100000000)
  region size 1024K, 6 young (6144K), 6 survivors (6144K)
 Metaspace       used 56539K, committed 56896K, reserved 1097728K
  class space    used 8154K, committed 8320K, reserved 1048576K
}
Event: 1826.323 GC heap before
{Heap before GC invocations=15 (full 0):
 garbage-first heap   total 81920K, used 64204K [0x0000000081600000, 0x0000000100000000)
  region size 1024K, 40 young (40960K), 6 survivors (6144K)
 Metaspace       used 60632K, committed 61056K, reserved 1105920K
  class space    used 8732K, committed 8960K, reserved 1048576K
}
Event: 1826.339 GC heap after
{Heap after GC invocations=16 (full 0):
 garbage-first heap   total 81920K, used 32173K [0x0000000081600000, 0x0000000100000000)
  region size 1024K, 3 young (3072K), 3 survivors (3072K)
 Metaspace       used 60632K, committed 61056K, reserved 1105920K
  class space    used 8732K, committed 8960K, reserved 1048576K
}
Event: 3626.708 GC heap before
{Heap before GC invocations=16 (full 0):
 garbage-first heap   total 81920K, used 63917K [0x0000000081600000, 0x0000000100000000)
  region size 1024K, 35 young (35840K), 3 survivors (3072K)
 Metaspace       used 60649K, committed 61056K, reserved 1105920K
  class space    used 8735K, committed 8960K, reserved 1048576K
}
Event: 3626.716 GC heap after
{Heap after GC invocations=17 (full 0):
 garbage-first heap   total 81920K, used 32985K [0x0000000081600000, 0x0000000100000000)
  region size 1024K, 4 young (4096K), 4 survivors (4096K)
 Metaspace       used 60649K, committed 61056K, reserved 1105920K
  class space    used 8735K, committed 8960K, reserved 1048576K
}

